This is pdfTeX, Version 3.141592653-2.6-1.40.23 (TeX Live 2021/Arch Linux) (preloaded format=pdflatex 2022.1.4)  17 JAN 2022 12:50
entering extended mode
 restricted \write18 enabled.
 %&-line parsing enabled.
**gvv_ncert_vectors_defs.tex
(./gvv_ncert_vectors_defs.tex
LaTeX2e <2021-11-15> patch level 1
L3 programming layer <2021-11-22>
(/usr/share/texmf-dist/tex/latex/ieeetran/IEEEtran.cls
Document Class: IEEEtran 2015/08/26 V1.8b by Michael Shell
-- See the "IEEEtran_HOWTO" manual for usage information.
-- http://www.michaelshell.org/tex/ieeetran/
\@IEEEtrantmpdimenA=\dimen138
\@IEEEtrantmpdimenB=\dimen139
\@IEEEtrantmpdimenC=\dimen140
\@IEEEtrantmpcountA=\count183
\@IEEEtrantmpcountB=\count184
\@IEEEtrantmpcountC=\count185
\@IEEEtrantmptoksA=\toks16
LaTeX Font Info:    Trying to load font information for OT1+ptm on input line 5
03.
(/usr/share/texmf-dist/tex/latex/psnfss/ot1ptm.fd
File: ot1ptm.fd 2001/06/04 font definitions for OT1/ptm.
)
-- Using 8.5in x 11in (letter) paper.
-- Using PDF output.
\@IEEEnormalsizeunitybaselineskip=\dimen141
-- This is a 12 point document.
\CLASSINFOnormalsizebaselineskip=\dimen142
\CLASSINFOnormalsizeunitybaselineskip=\dimen143
\IEEEnormaljot=\dimen144
LaTeX Font Info:    Font shape `OT1/ptm/bx/n' in size <6> not available
(Font)              Font shape `OT1/ptm/b/n' tried instead on input line 1090.
LaTeX Font Info:    Font shape `OT1/ptm/bx/it' in size <6> not available
(Font)              Font shape `OT1/ptm/b/it' tried instead on input line 1090.

LaTeX Font Info:    Font shape `OT1/ptm/bx/n' in size <8> not available
(Font)              Font shape `OT1/ptm/b/n' tried instead on input line 1090.
LaTeX Font Info:    Font shape `OT1/ptm/bx/it' in size <8> not available
(Font)              Font shape `OT1/ptm/b/it' tried instead on input line 1090.

LaTeX Font Info:    Font shape `OT1/ptm/bx/n' in size <9> not available
(Font)              Font shape `OT1/ptm/b/n' tried instead on input line 1090.
LaTeX Font Info:    Font shape `OT1/ptm/bx/it' in size <9> not available
(Font)              Font shape `OT1/ptm/b/it' tried instead on input line 1090.

LaTeX Font Info:    Font shape `OT1/ptm/bx/n' in size <10> not available
(Font)              Font shape `OT1/ptm/b/n' tried instead on input line 1090.
LaTeX Font Info:    Font shape `OT1/ptm/bx/it' in size <10> not available
(Font)              Font shape `OT1/ptm/b/it' tried instead on input line 1090.

LaTeX Font Info:    Font shape `OT1/ptm/bx/n' in size <12> not available
(Font)              Font shape `OT1/ptm/b/n' tried instead on input line 1090.
LaTeX Font Info:    Font shape `OT1/ptm/bx/it' in size <12> not available
(Font)              Font shape `OT1/ptm/b/it' tried instead on input line 1090.

LaTeX Font Info:    Font shape `OT1/ptm/bx/n' in size <14> not available
(Font)              Font shape `OT1/ptm/b/n' tried instead on input line 1090.
LaTeX Font Info:    Font shape `OT1/ptm/bx/it' in size <14> not available
(Font)              Font shape `OT1/ptm/b/it' tried instead on input line 1090.

LaTeX Font Info:    Font shape `OT1/ptm/bx/n' in size <20> not available
(Font)              Font shape `OT1/ptm/b/n' tried instead on input line 1090.
LaTeX Font Info:    Font shape `OT1/ptm/bx/it' in size <20> not available
(Font)              Font shape `OT1/ptm/b/it' tried instead on input line 1090.

LaTeX Font Info:    Font shape `OT1/ptm/bx/n' in size <22> not available
(Font)              Font shape `OT1/ptm/b/n' tried instead on input line 1090.
LaTeX Font Info:    Font shape `OT1/ptm/bx/it' in size <22> not available
(Font)              Font shape `OT1/ptm/b/it' tried instead on input line 1090.

LaTeX Font Info:    Font shape `OT1/ptm/bx/n' in size <24> not available
(Font)              Font shape `OT1/ptm/b/n' tried instead on input line 1090.
LaTeX Font Info:    Font shape `OT1/ptm/bx/it' in size <24> not available
(Font)              Font shape `OT1/ptm/b/it' tried instead on input line 1090.

\IEEEquantizedlength=\dimen145
\IEEEquantizedlengthdiff=\dimen146
\IEEEquantizedtextheightdiff=\dimen147
\IEEEilabelindentA=\dimen148
\IEEEilabelindentB=\dimen149
\IEEEilabelindent=\dimen150
\IEEEelabelindent=\dimen151
\IEEEdlabelindent=\dimen152
\IEEElabelindent=\dimen153
\IEEEiednormlabelsep=\dimen154
\IEEEiedmathlabelsep=\dimen155
\IEEEiedtopsep=\skip47
\c@section=\count186
\c@subsection=\count187
\c@subsubsection=\count188
\c@paragraph=\count189
\c@IEEEsubequation=\count190
\abovecaptionskip=\skip48
\belowcaptionskip=\skip49
\c@figure=\count191
\c@table=\count192
\@IEEEeqnnumcols=\count193
\@IEEEeqncolcnt=\count194
\@IEEEsubeqnnumrollback=\count195
\@IEEEquantizeheightA=\dimen156
\@IEEEquantizeheightB=\dimen157
\@IEEEquantizeheightC=\dimen158
\@IEEEquantizeprevdepth=\dimen159
\@IEEEquantizemultiple=\count196
\@IEEEquantizeboxA=\box50
\@IEEEtmpitemindent=\dimen160
\IEEEPARstartletwidth=\dimen161
\c@IEEEbiography=\count197
\@IEEEtranrubishbin=\box51
) (/usr/share/texmf-dist/tex/latex/was/gensymb.sty
Package: gensymb 2003/07/02 v1.0 (WaS)
)
(/usr/share/texmf-dist/tex/latex/amsfonts/amssymb.sty
Package: amssymb 2013/01/14 v3.01 AMS font symbols

(/usr/share/texmf-dist/tex/latex/amsfonts/amsfonts.sty
Package: amsfonts 2013/01/14 v3.01 Basic AMSFonts support
\@emptytoks=\toks17
\symAMSa=\mathgroup4
\symAMSb=\mathgroup5
LaTeX Font Info:    Redeclaring math symbol \hbar on input line 98.
LaTeX Font Info:    Overwriting math alphabet `\mathfrak' in version `bold'
(Font)                  U/euf/m/n --> U/euf/b/n on input line 106.
))
(/usr/share/texmf-dist/tex/latex/amsmath/amsmath.sty
Package: amsmath 2021/10/15 v2.17l AMS math features
\@mathmargin=\skip50

For additional information on amsmath, use the `?' option.
(/usr/share/texmf-dist/tex/latex/amsmath/amstext.sty
Package: amstext 2021/08/26 v2.01 AMS text

(/usr/share/texmf-dist/tex/latex/amsmath/amsgen.sty
File: amsgen.sty 1999/11/30 v2.0 generic functions
\@emptytoks=\toks18
\ex@=\dimen162
))
(/usr/share/texmf-dist/tex/latex/amsmath/amsbsy.sty
Package: amsbsy 1999/11/29 v1.2d Bold Symbols
\pmbraise@=\dimen163
)
(/usr/share/texmf-dist/tex/latex/amsmath/amsopn.sty
Package: amsopn 2021/08/26 v2.02 operator names
)
\inf@bad=\count198
LaTeX Info: Redefining \frac on input line 234.
\uproot@=\count199
\leftroot@=\count266
LaTeX Info: Redefining \overline on input line 399.
\classnum@=\count267
\DOTSCASE@=\count268
LaTeX Info: Redefining \ldots on input line 496.
LaTeX Info: Redefining \dots on input line 499.
LaTeX Info: Redefining \cdots on input line 620.
\Mathstrutbox@=\box52
\strutbox@=\box53
\big@size=\dimen164
LaTeX Font Info:    Redeclaring font encoding OML on input line 743.
LaTeX Font Info:    Redeclaring font encoding OMS on input line 744.
\macc@depth=\count269
\c@MaxMatrixCols=\count270
\dotsspace@=\muskip16
\c@parentequation=\count271
\dspbrk@lvl=\count272
\tag@help=\toks19
\row@=\count273
\column@=\count274
\maxfields@=\count275
\andhelp@=\toks20
\eqnshift@=\dimen165
\alignsep@=\dimen166
\tagshift@=\dimen167
\tagwidth@=\dimen168
\totwidth@=\dimen169
\lineht@=\dimen170
\@envbody=\toks21
\multlinegap=\skip51
\multlinetaggap=\skip52
\mathdisplay@stack=\toks22
LaTeX Info: Redefining \[ on input line 2938.
LaTeX Info: Redefining \] on input line 2939.
)
(/usr/share/texmf-dist/tex/latex/amscls/amsthm.sty
Package: amsthm 2020/05/29 v2.20.6
\thm@style=\toks23
\thm@bodyfont=\toks24
\thm@headfont=\toks25
\thm@notefont=\toks26
\thm@headpunct=\toks27
\thm@preskip=\skip53
\thm@postskip=\skip54
\thm@headsep=\skip55
\dth@everypar=\toks28
)
(/usr/share/texmf-dist/tex/latex/sttools/stfloats.sty
Package: stfloats 2017/03/27 v3.3 Improve float mechanism and baselineskip sett
ings
\@dblbotnum=\count276
\c@dblbotnumber=\count277
)
(/usr/share/texmf-dist/tex/latex/tools/bm.sty
Package: bm 2021/04/25 v1.2e Bold Symbol Support (DPC/FMi)
\symboldoperators=\mathgroup6
\symboldletters=\mathgroup7
\symboldsymbols=\mathgroup8
Package bm Info: No bold for \OMX/cmex/m/n, using \pmb.
Package bm Info: No bold for \U/msa/m/n, using \pmb.
Package bm Info: No bold for \U/msb/m/n, using \pmb.
LaTeX Font Info:    Redeclaring math alphabet \mathbf on input line 149.
)
(/usr/share/texmf-dist/tex/latex/tools/longtable.sty
Package: longtable 2021-09-01 v4.17 Multi-page Table package (DPC)
\LTleft=\skip56
\LTright=\skip57
\LTpre=\skip58
\LTpost=\skip59
\LTchunksize=\count278
\LTcapwidth=\dimen171
\LT@head=\box54
\LT@firsthead=\box55
\LT@foot=\box56
\LT@lastfoot=\box57
\LT@gbox=\box58
\LT@cols=\count279
\LT@rows=\count280
\c@LT@tables=\count281
\c@LT@chunks=\count282
\LT@p@ftn=\toks29
)
(/usr/share/texmf-dist/tex/latex/enumitem/enumitem.sty
Package: enumitem 2019/06/20 v3.9 Customized lists
\enitkv@toks@=\toks30
\labelindent=\skip60
\enit@outerparindent=\dimen172
\enit@toks=\toks31
\enit@inbox=\box59
\enit@count@id=\count283
\enitdp@description=\count284
)
(/usr/share/texmf-dist/tex/latex/mathtools/mathtools.sty
Package: mathtools 2021/04/12 v1.27 mathematical typesetting tools

(/usr/share/texmf-dist/tex/latex/graphics/keyval.sty
Package: keyval 2014/10/28 v1.15 key=value parser (DPC)
\KV@toks@=\toks32
)
(/usr/share/texmf-dist/tex/latex/tools/calc.sty
Package: calc 2017/05/25 v4.3 Infix arithmetic (KKT,FJ)
\calc@Acount=\count285
\calc@Bcount=\count286
\calc@Adimen=\dimen173
\calc@Bdimen=\dimen174
\calc@Askip=\skip61
\calc@Bskip=\skip62
LaTeX Info: Redefining \setlength on input line 80.
LaTeX Info: Redefining \addtolength on input line 81.
\calc@Ccount=\count287
\calc@Cskip=\skip63
)
(/usr/share/texmf-dist/tex/latex/mathtools/mhsetup.sty
Package: mhsetup 2021/03/18 v1.4 programming setup (MH)
)
LaTeX Info: Thecontrolsequence`\('isalreadyrobust on input line 130.
LaTeX Info: Thecontrolsequence`\)'isalreadyrobust on input line 130.
LaTeX Info: Thecontrolsequence`\['isalreadyrobust on input line 130.
LaTeX Info: Thecontrolsequence`\]'isalreadyrobust on input line 130.
\g_MT_multlinerow_int=\count288
\l_MT_multwidth_dim=\dimen175
\origjot=\skip64
\l_MT_shortvdotswithinadjustabove_dim=\dimen176
\l_MT_shortvdotswithinadjustbelow_dim=\dimen177
\l_MT_above_intertext_sep=\dimen178
\l_MT_below_intertext_sep=\dimen179
\l_MT_above_shortintertext_sep=\dimen180
\l_MT_below_shortintertext_sep=\dimen181
\xmathstrut@box=\box60
\xmathstrut@dim=\dimen182
)
(/usr/share/texmf-dist/tex/latex/pgf/frontendlayer/tikz.sty
(/usr/share/texmf-dist/tex/latex/pgf/basiclayer/pgf.sty
(/usr/share/texmf-dist/tex/latex/pgf/utilities/pgfrcs.sty
(/usr/share/texmf-dist/tex/generic/pgf/utilities/pgfutil-common.tex
\pgfutil@everybye=\toks33
\pgfutil@tempdima=\dimen183
\pgfutil@tempdimb=\dimen184

(/usr/share/texmf-dist/tex/generic/pgf/utilities/pgfutil-common-lists.tex))
(/usr/share/texmf-dist/tex/generic/pgf/utilities/pgfutil-latex.def
\pgfutil@abb=\box61
)
(/usr/share/texmf-dist/tex/generic/pgf/utilities/pgfrcs.code.tex
(/usr/share/texmf-dist/tex/generic/pgf/pgf.revision.tex)
Package: pgfrcs 2021/05/15 v3.1.9a (3.1.9a)
))
Package: pgf 2021/05/15 v3.1.9a (3.1.9a)

(/usr/share/texmf-dist/tex/latex/pgf/basiclayer/pgfcore.sty
(/usr/share/texmf-dist/tex/latex/graphics/graphicx.sty
Package: graphicx 2021/09/16 v1.2d Enhanced LaTeX Graphics (DPC,SPQR)

(/usr/share/texmf-dist/tex/latex/graphics/graphics.sty
Package: graphics 2021/03/04 v1.4d Standard LaTeX Graphics (DPC,SPQR)

(/usr/share/texmf-dist/tex/latex/graphics/trig.sty
Package: trig 2021/08/11 v1.11 sin cos tan (DPC)
)
(/usr/share/texmf-dist/tex/latex/graphics-cfg/graphics.cfg
File: graphics.cfg 2016/06/04 v1.11 sample graphics configuration
)
Package graphics Info: Driver file: pdftex.def on input line 107.

(/usr/share/texmf-dist/tex/latex/graphics-def/pdftex.def
File: pdftex.def 2020/10/05 v1.2a Graphics/color driver for pdftex
))
\Gin@req@height=\dimen185
\Gin@req@width=\dimen186
)
(/usr/share/texmf-dist/tex/latex/pgf/systemlayer/pgfsys.sty
(/usr/share/texmf-dist/tex/generic/pgf/systemlayer/pgfsys.code.tex
Package: pgfsys 2021/05/15 v3.1.9a (3.1.9a)

(/usr/share/texmf-dist/tex/generic/pgf/utilities/pgfkeys.code.tex
\pgfkeys@pathtoks=\toks34
\pgfkeys@temptoks=\toks35

(/usr/share/texmf-dist/tex/generic/pgf/utilities/pgfkeysfiltered.code.tex
\pgfkeys@tmptoks=\toks36
))
\pgf@x=\dimen187
\pgf@y=\dimen188
\pgf@xa=\dimen189
\pgf@ya=\dimen190
\pgf@xb=\dimen191
\pgf@yb=\dimen192
\pgf@xc=\dimen193
\pgf@yc=\dimen194
\pgf@xd=\dimen195
\pgf@yd=\dimen196
\w@pgf@writea=\write3
\r@pgf@reada=\read2
\c@pgf@counta=\count289
\c@pgf@countb=\count290
\c@pgf@countc=\count291
\c@pgf@countd=\count292
\t@pgf@toka=\toks37
\t@pgf@tokb=\toks38
\t@pgf@tokc=\toks39
\pgf@sys@id@count=\count293

(/usr/share/texmf-dist/tex/generic/pgf/systemlayer/pgf.cfg
File: pgf.cfg 2021/05/15 v3.1.9a (3.1.9a)
)
Driver file for pgf: pgfsys-pdftex.def

(/usr/share/texmf-dist/tex/generic/pgf/systemlayer/pgfsys-pdftex.def
File: pgfsys-pdftex.def 2021/05/15 v3.1.9a (3.1.9a)

(/usr/share/texmf-dist/tex/generic/pgf/systemlayer/pgfsys-common-pdf.def
File: pgfsys-common-pdf.def 2021/05/15 v3.1.9a (3.1.9a)
)))
(/usr/share/texmf-dist/tex/generic/pgf/systemlayer/pgfsyssoftpath.code.tex
File: pgfsyssoftpath.code.tex 2021/05/15 v3.1.9a (3.1.9a)
\pgfsyssoftpath@smallbuffer@items=\count294
\pgfsyssoftpath@bigbuffer@items=\count295
)
(/usr/share/texmf-dist/tex/generic/pgf/systemlayer/pgfsysprotocol.code.tex
File: pgfsysprotocol.code.tex 2021/05/15 v3.1.9a (3.1.9a)
))
(/usr/share/texmf-dist/tex/latex/xcolor/xcolor.sty
Package: xcolor 2021/10/31 v2.13 LaTeX color extensions (UK)

(/usr/share/texmf-dist/tex/latex/graphics-cfg/color.cfg
File: color.cfg 2016/01/02 v1.6 sample color configuration
)
Package xcolor Info: Driver file: pdftex.def on input line 227.
Package xcolor Info: Model `cmy' substituted by `cmy0' on input line 1352.
Package xcolor Info: Model `hsb' substituted by `rgb' on input line 1356.
Package xcolor Info: Model `RGB' extended on input line 1368.
Package xcolor Info: Model `HTML' substituted by `rgb' on input line 1370.
Package xcolor Info: Model `Hsb' substituted by `hsb' on input line 1371.
Package xcolor Info: Model `tHsb' substituted by `hsb' on input line 1372.
Package xcolor Info: Model `HSB' substituted by `hsb' on input line 1373.
Package xcolor Info: Model `Gray' substituted by `gray' on input line 1374.
Package xcolor Info: Model `wave' substituted by `hsb' on input line 1375.
)
(/usr/share/texmf-dist/tex/generic/pgf/basiclayer/pgfcore.code.tex
Package: pgfcore 2021/05/15 v3.1.9a (3.1.9a)

(/usr/share/texmf-dist/tex/generic/pgf/math/pgfmath.code.tex
(/usr/share/texmf-dist/tex/generic/pgf/math/pgfmathcalc.code.tex
(/usr/share/texmf-dist/tex/generic/pgf/math/pgfmathutil.code.tex)
(/usr/share/texmf-dist/tex/generic/pgf/math/pgfmathparser.code.tex
\pgfmath@dimen=\dimen197
\pgfmath@count=\count296
\pgfmath@box=\box62
\pgfmath@toks=\toks40
\pgfmath@stack@operand=\toks41
\pgfmath@stack@operation=\toks42
)
(/usr/share/texmf-dist/tex/generic/pgf/math/pgfmathfunctions.code.tex
(/usr/share/texmf-dist/tex/generic/pgf/math/pgfmathfunctions.basic.code.tex)
(/usr/share/texmf-dist/tex/generic/pgf/math/pgfmathfunctions.trigonometric.code
.tex)
(/usr/share/texmf-dist/tex/generic/pgf/math/pgfmathfunctions.random.code.tex)
(/usr/share/texmf-dist/tex/generic/pgf/math/pgfmathfunctions.comparison.code.te
x) (/usr/share/texmf-dist/tex/generic/pgf/math/pgfmathfunctions.base.code.tex)
(/usr/share/texmf-dist/tex/generic/pgf/math/pgfmathfunctions.round.code.tex)
(/usr/share/texmf-dist/tex/generic/pgf/math/pgfmathfunctions.misc.code.tex)
(/usr/share/texmf-dist/tex/generic/pgf/math/pgfmathfunctions.integerarithmetics
.code.tex))) (/usr/share/texmf-dist/tex/generic/pgf/math/pgfmathfloat.code.tex
\c@pgfmathroundto@lastzeros=\count297
)) (/usr/share/texmf-dist/tex/generic/pgf/math/pgfint.code.tex)
(/usr/share/texmf-dist/tex/generic/pgf/basiclayer/pgfcorepoints.code.tex
File: pgfcorepoints.code.tex 2021/05/15 v3.1.9a (3.1.9a)
\pgf@picminx=\dimen198
\pgf@picmaxx=\dimen199
\pgf@picminy=\dimen256
\pgf@picmaxy=\dimen257
\pgf@pathminx=\dimen258
\pgf@pathmaxx=\dimen259
\pgf@pathminy=\dimen260
\pgf@pathmaxy=\dimen261
\pgf@xx=\dimen262
\pgf@xy=\dimen263
\pgf@yx=\dimen264
\pgf@yy=\dimen265
\pgf@zx=\dimen266
\pgf@zy=\dimen267
)
(/usr/share/texmf-dist/tex/generic/pgf/basiclayer/pgfcorepathconstruct.code.tex
File: pgfcorepathconstruct.code.tex 2021/05/15 v3.1.9a (3.1.9a)
\pgf@path@lastx=\dimen268
\pgf@path@lasty=\dimen269
) (/usr/share/texmf-dist/tex/generic/pgf/basiclayer/pgfcorepathusage.code.tex
File: pgfcorepathusage.code.tex 2021/05/15 v3.1.9a (3.1.9a)
\pgf@shorten@end@additional=\dimen270
\pgf@shorten@start@additional=\dimen271
)
(/usr/share/texmf-dist/tex/generic/pgf/basiclayer/pgfcorescopes.code.tex
File: pgfcorescopes.code.tex 2021/05/15 v3.1.9a (3.1.9a)
\pgfpic=\box63
\pgf@hbox=\box64
\pgf@layerbox@main=\box65
\pgf@picture@serial@count=\count298
)
(/usr/share/texmf-dist/tex/generic/pgf/basiclayer/pgfcoregraphicstate.code.tex
File: pgfcoregraphicstate.code.tex 2021/05/15 v3.1.9a (3.1.9a)
\pgflinewidth=\dimen272
)
(/usr/share/texmf-dist/tex/generic/pgf/basiclayer/pgfcoretransformations.code.t
ex
File: pgfcoretransformations.code.tex 2021/05/15 v3.1.9a (3.1.9a)
\pgf@pt@x=\dimen273
\pgf@pt@y=\dimen274
\pgf@pt@temp=\dimen275
) (/usr/share/texmf-dist/tex/generic/pgf/basiclayer/pgfcorequick.code.tex
File: pgfcorequick.code.tex 2021/05/15 v3.1.9a (3.1.9a)
)
(/usr/share/texmf-dist/tex/generic/pgf/basiclayer/pgfcoreobjects.code.tex
File: pgfcoreobjects.code.tex 2021/05/15 v3.1.9a (3.1.9a)
)
(/usr/share/texmf-dist/tex/generic/pgf/basiclayer/pgfcorepathprocessing.code.te
x
File: pgfcorepathprocessing.code.tex 2021/05/15 v3.1.9a (3.1.9a)
) (/usr/share/texmf-dist/tex/generic/pgf/basiclayer/pgfcorearrows.code.tex
File: pgfcorearrows.code.tex 2021/05/15 v3.1.9a (3.1.9a)
\pgfarrowsep=\dimen276
)
(/usr/share/texmf-dist/tex/generic/pgf/basiclayer/pgfcoreshade.code.tex
File: pgfcoreshade.code.tex 2021/05/15 v3.1.9a (3.1.9a)
\pgf@max=\dimen277
\pgf@sys@shading@range@num=\count299
\pgf@shadingcount=\count300
)
(/usr/share/texmf-dist/tex/generic/pgf/basiclayer/pgfcoreimage.code.tex
File: pgfcoreimage.code.tex 2021/05/15 v3.1.9a (3.1.9a)

(/usr/share/texmf-dist/tex/generic/pgf/basiclayer/pgfcoreexternal.code.tex
File: pgfcoreexternal.code.tex 2021/05/15 v3.1.9a (3.1.9a)
\pgfexternal@startupbox=\box66
))
(/usr/share/texmf-dist/tex/generic/pgf/basiclayer/pgfcorelayers.code.tex
File: pgfcorelayers.code.tex 2021/05/15 v3.1.9a (3.1.9a)
)
(/usr/share/texmf-dist/tex/generic/pgf/basiclayer/pgfcoretransparency.code.tex
File: pgfcoretransparency.code.tex 2021/05/15 v3.1.9a (3.1.9a)
) (/usr/share/texmf-dist/tex/generic/pgf/basiclayer/pgfcorepatterns.code.tex
File: pgfcorepatterns.code.tex 2021/05/15 v3.1.9a (3.1.9a)
)
(/usr/share/texmf-dist/tex/generic/pgf/basiclayer/pgfcorerdf.code.tex
File: pgfcorerdf.code.tex 2021/05/15 v3.1.9a (3.1.9a)
)))
(/usr/share/texmf-dist/tex/generic/pgf/modules/pgfmoduleshapes.code.tex
File: pgfmoduleshapes.code.tex 2021/05/15 v3.1.9a (3.1.9a)
\pgfnodeparttextbox=\box67
)
(/usr/share/texmf-dist/tex/generic/pgf/modules/pgfmoduleplot.code.tex
File: pgfmoduleplot.code.tex 2021/05/15 v3.1.9a (3.1.9a)
)
(/usr/share/texmf-dist/tex/latex/pgf/compatibility/pgfcomp-version-0-65.sty
Package: pgfcomp-version-0-65 2021/05/15 v3.1.9a (3.1.9a)
\pgf@nodesepstart=\dimen278
\pgf@nodesepend=\dimen279
)
(/usr/share/texmf-dist/tex/latex/pgf/compatibility/pgfcomp-version-1-18.sty
Package: pgfcomp-version-1-18 2021/05/15 v3.1.9a (3.1.9a)
))
(/usr/share/texmf-dist/tex/latex/pgf/utilities/pgffor.sty
(/usr/share/texmf-dist/tex/latex/pgf/utilities/pgfkeys.sty
(/usr/share/texmf-dist/tex/generic/pgf/utilities/pgfkeys.code.tex))
(/usr/share/texmf-dist/tex/latex/pgf/math/pgfmath.sty
(/usr/share/texmf-dist/tex/generic/pgf/math/pgfmath.code.tex))
(/usr/share/texmf-dist/tex/generic/pgf/utilities/pgffor.code.tex
Package: pgffor 2021/05/15 v3.1.9a (3.1.9a)

(/usr/share/texmf-dist/tex/generic/pgf/math/pgfmath.code.tex)
\pgffor@iter=\dimen280
\pgffor@skip=\dimen281
\pgffor@stack=\toks43
\pgffor@toks=\toks44
))
(/usr/share/texmf-dist/tex/generic/pgf/frontendlayer/tikz/tikz.code.tex
Package: tikz 2021/05/15 v3.1.9a (3.1.9a)

(/usr/share/texmf-dist/tex/generic/pgf/libraries/pgflibraryplothandlers.code.te
x
File: pgflibraryplothandlers.code.tex 2021/05/15 v3.1.9a (3.1.9a)
\pgf@plot@mark@count=\count301
\pgfplotmarksize=\dimen282
)
\tikz@lastx=\dimen283
\tikz@lasty=\dimen284
\tikz@lastxsaved=\dimen285
\tikz@lastysaved=\dimen286
\tikz@lastmovetox=\dimen287
\tikz@lastmovetoy=\dimen288
\tikzleveldistance=\dimen289
\tikzsiblingdistance=\dimen290
\tikz@figbox=\box68
\tikz@figbox@bg=\box69
\tikz@tempbox=\box70
\tikz@tempbox@bg=\box71
\tikztreelevel=\count302
\tikznumberofchildren=\count303
\tikznumberofcurrentchild=\count304
\tikz@fig@count=\count305
 (/usr/share/texmf-dist/tex/generic/pgf/modules/pgfmodulematrix.code.tex
File: pgfmodulematrix.code.tex 2021/05/15 v3.1.9a (3.1.9a)
\pgfmatrixcurrentrow=\count306
\pgfmatrixcurrentcolumn=\count307
\pgf@matrix@numberofcolumns=\count308
)
\tikz@expandcount=\count309

(/usr/share/texmf-dist/tex/generic/pgf/frontendlayer/tikz/libraries/tikzlibrary
topaths.code.tex
File: tikzlibrarytopaths.code.tex 2021/05/15 v3.1.9a (3.1.9a)
))) (/usr/share/texmf-dist/tex/latex/hyperref/hyperref.sty
Package: hyperref 2021-06-07 v7.00m Hypertext links for LaTeX

(/usr/share/texmf-dist/tex/generic/ltxcmds/ltxcmds.sty
Package: ltxcmds 2020-05-10 v1.25 LaTeX kernel commands for general use (HO)
)
(/usr/share/texmf-dist/tex/generic/iftex/iftex.sty
Package: iftex 2020/03/06 v1.0d TeX engine tests
)
(/usr/share/texmf-dist/tex/generic/pdftexcmds/pdftexcmds.sty
Package: pdftexcmds 2020-06-27 v0.33 Utility functions of pdfTeX for LuaTeX (HO
)

(/usr/share/texmf-dist/tex/generic/infwarerr/infwarerr.sty
Package: infwarerr 2019/12/03 v1.5 Providing info/warning/error messages (HO)
)
Package pdftexcmds Info: \pdf@primitive is available.
Package pdftexcmds Info: \pdf@ifprimitive is available.
Package pdftexcmds Info: \pdfdraftmode found.
)
(/usr/share/texmf-dist/tex/generic/kvsetkeys/kvsetkeys.sty
Package: kvsetkeys 2019/12/15 v1.18 Key value parser (HO)
)
(/usr/share/texmf-dist/tex/generic/kvdefinekeys/kvdefinekeys.sty
Package: kvdefinekeys 2019-12-19 v1.6 Define keys (HO)
)
(/usr/share/texmf-dist/tex/generic/pdfescape/pdfescape.sty
Package: pdfescape 2019/12/09 v1.15 Implements pdfTeX's escape features (HO)
)
(/usr/share/texmf-dist/tex/latex/hycolor/hycolor.sty
Package: hycolor 2020-01-27 v1.10 Color options for hyperref/bookmark (HO)
)
(/usr/share/texmf-dist/tex/latex/letltxmacro/letltxmacro.sty
Package: letltxmacro 2019/12/03 v1.6 Let assignment for LaTeX macros (HO)
)
(/usr/share/texmf-dist/tex/latex/auxhook/auxhook.sty
Package: auxhook 2019-12-17 v1.6 Hooks for auxiliary files (HO)
)
(/usr/share/texmf-dist/tex/latex/kvoptions/kvoptions.sty
Package: kvoptions 2020-10-07 v3.14 Key value format for package options (HO)
)
\@linkdim=\dimen291
\Hy@linkcounter=\count310
\Hy@pagecounter=\count311

(/usr/share/texmf-dist/tex/latex/hyperref/pd1enc.def
File: pd1enc.def 2021-06-07 v7.00m Hyperref: PDFDocEncoding definition (HO)
Now handling font encoding PD1 ...
... no UTF-8 mapping file for font encoding PD1
)
(/usr/share/texmf-dist/tex/latex/hyperref/hyperref-langpatches.def
File: hyperref-langpatches.def 2021-06-07 v7.00m Hyperref: patches for babel la
nguages
)
(/usr/share/texmf-dist/tex/generic/intcalc/intcalc.sty
Package: intcalc 2019/12/15 v1.3 Expandable calculations with integers (HO)
)
(/usr/share/texmf-dist/tex/generic/etexcmds/etexcmds.sty
Package: etexcmds 2019/12/15 v1.7 Avoid name clashes with e-TeX commands (HO)
)
\Hy@SavedSpaceFactor=\count312

(/usr/share/texmf-dist/tex/latex/hyperref/puenc.def
File: puenc.def 2021-06-07 v7.00m Hyperref: PDF Unicode definition (HO)
Now handling font encoding PU ...
... no UTF-8 mapping file for font encoding PU
)
Package hyperref Info: Option `breaklinks' set `true' on input line 4073.
Package hyperref Info: Hyper figures OFF on input line 4192.
Package hyperref Info: Link nesting OFF on input line 4197.
Package hyperref Info: Hyper index ON on input line 4200.
Package hyperref Info: Plain pages OFF on input line 4207.
Package hyperref Info: Backreferencing OFF on input line 4212.
Package hyperref Info: Implicit mode ON; LaTeX internals redefined.
Package hyperref Info: Bookmarks ON on input line 4445.
\c@Hy@tempcnt=\count313

(/usr/share/texmf-dist/tex/latex/url/url.sty
\Urlmuskip=\muskip17
Package: url 2013/09/16  ver 3.4  Verb mode for urls, etc.
)
LaTeX Info: Redefining \url on input line 4804.
\XeTeXLinkMargin=\dimen292

(/usr/share/texmf-dist/tex/generic/bitset/bitset.sty
Package: bitset 2019/12/09 v1.3 Handle bit-vector datatype (HO)

(/usr/share/texmf-dist/tex/generic/bigintcalc/bigintcalc.sty
Package: bigintcalc 2019/12/15 v1.5 Expandable calculations on big integers (HO
)
))
\Fld@menulength=\count314
\Field@Width=\dimen293
\Fld@charsize=\dimen294
Package hyperref Info: Hyper figures OFF on input line 6076.
Package hyperref Info: Link nesting OFF on input line 6081.
Package hyperref Info: Hyper index ON on input line 6084.
Package hyperref Info: backreferencing OFF on input line 6091.
Package hyperref Info: Link coloring OFF on input line 6096.
Package hyperref Info: Link coloring with OCG OFF on input line 6101.
Package hyperref Info: PDF/A mode OFF on input line 6106.
LaTeX Info: Redefining \ref on input line 6146.
LaTeX Info: Redefining \pageref on input line 6150.

(/usr/share/texmf-dist/tex/latex/base/atbegshi-ltx.sty
Package: atbegshi-ltx 2021/01/10 v1.0c Emulation of the original atbegshi
package with kernel methods
)
\Hy@abspage=\count315
\c@Item=\count316
\c@Hfootnote=\count317
)
Package hyperref Info: Driver (autodetected): hpdftex.

(/usr/share/texmf-dist/tex/latex/hyperref/hpdftex.def
File: hpdftex.def 2021-06-07 v7.00m Hyperref driver for pdfTeX

(/usr/share/texmf-dist/tex/latex/base/atveryend-ltx.sty
Package: atveryend-ltx 2020/08/19 v1.0a Emulation of the original atveryend pac
kage
with kernel methods
)
\Fld@listcount=\count318
\c@bookmark@seq@number=\count319

(/usr/share/texmf-dist/tex/latex/rerunfilecheck/rerunfilecheck.sty
Package: rerunfilecheck 2019/12/05 v1.9 Rerun checks for auxiliary files (HO)

(/usr/share/texmf-dist/tex/generic/uniquecounter/uniquecounter.sty
Package: uniquecounter 2019/12/15 v1.4 Provide unlimited unique counter (HO)
)
Package uniquecounter Info: New unique counter `rerunfilecheck' on input line 2
86.
)
\Hy@SectionHShift=\skip65
)
(/usr/share/texmf-dist/tex/latex/listings/listings.sty
\lst@mode=\count320
\lst@gtempboxa=\box72
\lst@token=\toks45
\lst@length=\count321
\lst@currlwidth=\dimen295
\lst@column=\count322
\lst@pos=\count323
\lst@lostspace=\dimen296
\lst@width=\dimen297
\lst@newlines=\count324
\lst@lineno=\count325
\lst@maxwidth=\dimen298

(/usr/share/texmf-dist/tex/latex/listings/lstmisc.sty
File: lstmisc.sty 2020/03/24 1.8d (Carsten Heinz)
\c@lstnumber=\count326
\lst@skipnumbers=\count327
\lst@framebox=\box73
)
(/usr/share/texmf-dist/tex/latex/listings/listings.cfg
File: listings.cfg 2020/03/24 1.8d listings configuration
))
Package: listings 2020/03/24 1.8d (Carsten Heinz)

(/usr/share/texmf-dist/tex/latex/tools/array.sty
Package: array 2021/10/04 v2.5f Tabular extension package (FMi)
\col@sep=\dimen299
\ar@mcellbox=\box74
\extrarowheight=\dimen300
\NC@list=\toks46
\extratabsurround=\skip66
\backup@length=\skip67
\ar@cellbox=\box75
)
(/usr/share/texmf-dist/tex/latex/multirow/multirow.sty
Package: multirow 2021/03/15 v2.8 Span multiple rows of a table
\multirow@colwidth=\skip68
\multirow@cntb=\count328
\multirow@dima=\skip69
\bigstrutjot=\dimen301
)
(/usr/share/texmf-dist/tex/latex/tools/hhline.sty
Package: hhline 2020/01/04 v2.04 Table rule package (DPC)
)
(/usr/share/texmf-dist/tex/latex/base/ifthen.sty
Package: ifthen 2020/11/24 v1.1c Standard LaTeX ifthen package (DPC)
)
(/usr/share/texmf-dist/tex/latex/graphics/lscape.sty
Package: lscape 2020/05/28 v3.02 Landscape Pages (DPC)
)
(/usr/share/texmf-dist/tex/latex/l3backend/l3backend-pdftex.def
File: l3backend-pdftex.def 2021-12-14 L3 backend support: PDF output (pdfTeX)
\l__color_backend_stack_int=\count329
\l__pdf_internal_box=\box76
)
No file gvv_ncert_vectors_defs.aux.
\openout1 = `gvv_ncert_vectors_defs.aux'.

LaTeX Font Info:    Checking defaults for OML/cmm/m/it on input line 90.
LaTeX Font Info:    ... okay on input line 90.
LaTeX Font Info:    Checking defaults for OMS/cmsy/m/n on input line 90.
LaTeX Font Info:    ... okay on input line 90.
LaTeX Font Info:    Checking defaults for OT1/cmr/m/n on input line 90.
LaTeX Font Info:    ... okay on input line 90.
LaTeX Font Info:    Checking defaults for T1/cmr/m/n on input line 90.
LaTeX Font Info:    ... okay on input line 90.
LaTeX Font Info:    Checking defaults for TS1/cmr/m/n on input line 90.
LaTeX Font Info:    ... okay on input line 90.
LaTeX Font Info:    Checking defaults for OMX/cmex/m/n on input line 90.
LaTeX Font Info:    ... okay on input line 90.
LaTeX Font Info:    Checking defaults for U/cmr/m/n on input line 90.
LaTeX Font Info:    ... okay on input line 90.
LaTeX Font Info:    Checking defaults for PD1/pdf/m/n on input line 90.
LaTeX Font Info:    ... okay on input line 90.
LaTeX Font Info:    Checking defaults for PU/pdf/m/n on input line 90.
LaTeX Font Info:    ... okay on input line 90.
-- Lines per column: 50 (exact).
LaTeX Info: Redefining \celsius on input line 90.
Package gensymb Info: Faking symbols for \degree and \celsius on input line 90.


Package gensymb Warning: Not defining \perthousand.

LaTeX Info: Redefining \ohm on input line 90.
Package gensymb Info: Using \Omega for \ohm on input line 90.

Package gensymb Warning: Not defining \micro.

(/usr/share/texmf-dist/tex/context/base/mkii/supp-pdf.mkii
[Loading MPS to PDF converter (version 2006.09.02).]
\scratchcounter=\count330
\scratchdimen=\dimen302
\scratchbox=\box77
\nofMPsegments=\count331
\nofMParguments=\count332
\everyMPshowfont=\toks47
\MPscratchCnt=\count333
\MPscratchDim=\dimen303
\MPnumerator=\count334
\makeMPintoPDFobject=\count335
\everyMPtoPDFconversion=\toks48
) (/usr/share/texmf-dist/tex/latex/epstopdf-pkg/epstopdf-base.sty
Package: epstopdf-base 2020-01-24 v2.11 Base part for package epstopdf
Package epstopdf-base Info: Redefining graphics rule for `.eps' on input line 4
85.

(/usr/share/texmf-dist/tex/latex/latexconfig/epstopdf-sys.cfg
File: epstopdf-sys.cfg 2010/07/13 v1.3 Configuration of (r)epstopdf for TeX Liv
e
))
Package hyperref Info: Link coloring OFF on input line 90.

(/usr/share/texmf-dist/tex/latex/hyperref/nameref.sty
Package: nameref 2021-04-02 v2.47 Cross-referencing by name of section

(/usr/share/texmf-dist/tex/latex/refcount/refcount.sty
Package: refcount 2019/12/15 v3.6 Data extraction from label references (HO)
)
(/usr/share/texmf-dist/tex/generic/gettitlestring/gettitlestring.sty
Package: gettitlestring 2019/12/15 v1.6 Cleanup title references (HO)
)
\c@section@level=\count336
)
LaTeX Info: Redefining \ref on input line 90.
LaTeX Info: Redefining \pageref on input line 90.
LaTeX Info: Redefining \nameref on input line 90.

(./gvv_ncert_vectors_defs.out) (./gvv_ncert_vectors_defs.out)
\@outlinefile=\write4
\openout4 = `gvv_ncert_vectors_defs.out'.

\c@lstlisting=\count337
\c@theorem=\count338
\c@problem=\count339
\c@proposition=\count340
\c@lemma=\count341
\c@example=\count342
\c@rem=\count343
LaTeX Font Info:    Calculating math sizes for size <14> on input line 250.
LaTeX Font Info:    Trying to load font information for U+msa on input line 250
.

(/usr/share/texmf-dist/tex/latex/amsfonts/umsa.fd
File: umsa.fd 2013/01/14 v3.01 AMS symbols A
)
LaTeX Font Info:    Trying to load font information for U+msb on input line 250
.

(/usr/share/texmf-dist/tex/latex/amsfonts/umsb.fd
File: umsb.fd 2013/01/14 v3.01 AMS symbols B
)

Package hyperref Warning: old toc file detected, not used; run LaTeX again.

\tf@toc=\write5
\openout5 = `gvv_ncert_vectors_defs.toc'.


LaTeX Warning: Reference `eq:norm2d_equidist' on page 1 undefined on input line
 327.


LaTeX Warning: Reference `eq:cbse_10_x' on page 1 undefined on input line 376.


LaTeX Warning: Reference `eq:norm2d_equidist' on page 1 undefined on input line
 386.

[1{/var/lib/texmf/fonts/map/pdftex/updmap/pdftex.map}


]

LaTeX Warning: Reference `eq:section_formula' on page 2 undefined on input line
 403.


LaTeX Warning: Reference `fig:cbse-10-3.pdf' on page 2 undefined on input line 
413.

<figs/cbse-10-3.pdf, id=121, 462.52798pt x 346.89601pt>
File: figs/cbse-10-3.pdf Graphic file (type pdf)
<use figs/cbse-10-3.pdf>
Package pdftex.def Info: figs/cbse-10-3.pdf  used on input line 416.
(pdftex.def)             Requested size: 252.0pt x 189.00429pt.

LaTeX Warning: Reference `eq:section_formula' on page 2 undefined on input line
 453.


LaTeX Warning: Reference `eq:cbse-10-5-section' on page 2 undefined on input li
ne 480.

[2 <./figs/cbse-10-3.pdf>]

LaTeX Warning: Reference `eq:angle2d' on page 3 undefined on input line 512.


LaTeX Warning: Reference `eq:angle2d_orth' on page 3 undefined on input line 51
3.


Overfull \hbox (26.2158pt too wide) detected at line 530
[]
 []


LaTeX Warning: Reference `eq:cross3d' on page 3 undefined on input line 557.


LaTeX Warning: Reference `eq:area3d' on page 3 undefined on input line 558.

[3]

LaTeX Warning: Reference `eq:plane_line_foot_ans' on page 4 undefined on input 
line 576.


Overfull \hbox (57.68001pt too wide) detected at line 591
[]
 []


LaTeX Warning: Reference `eq:angle2d' on page 4 undefined on input line 593.


LaTeX Warning: Reference `eq:det_kord' on page 4 undefined on input line 613.


LaTeX Warning: Reference `eq:norm2d_const' on page 4 undefined on input line 62
3.


LaTeX Warning: Reference `eq:parallel_lines' on page 4 undefined on input line 
661.


LaTeX Warning: Reference `eq:cbse_12_foot' on page 4 undefined on input line 68
8.

[4]

LaTeX Warning: Reference `eq:dir_line_plane_isect' on page 5 undefined on input
 line 715.


LaTeX Warning: Reference `eq:angle2d' on page 5 undefined on input line 730.


LaTeX Warning: Reference `eq:equal_incline_unit' on page 5 undefined on input l
ine 755.


LaTeX Warning: Reference `eq:equal_incline_unit_cos' on page 5 undefined on inp
ut line 763.


LaTeX Warning: Reference `eq:equal_incline_unit_cos' on page 5 undefined on inp
ut line 764.

[5]

LaTeX Warning: Reference `eq:trace' on page 6 undefined on input line 806.


LaTeX Warning: Reference `eq:line_plain_contain' on page 6 undefined on input l
ine 826.


LaTeX Warning: Reference `eq:plane_pt_perp' on page 6 undefined on input line 8
54.


Underfull \vbox (badness 3514) has occurred while \output is active []

 [6]

LaTeX Warning: Reference `eq:det_xyz' on page 7 undefined on input line 930.


LaTeX Warning: Reference `eq:det_xyz_given' on page 7 undefined on input line 9
49.


LaTeX Warning: Reference `eq:det_xyz_onefac' on page 7 undefined on input line 
950.


Underfull \hbox (badness 4036) in paragraph at lines 976--995
[]\OT1/ptm/m/n/12 A cot-tage in-dus-try man-u-fac-tures pedestal
 []

[7]
Underfull \hbox (badness 2096) in paragraph at lines 1026--1029
\OT1/ptm/m/n/12 Thus, the man-u-fac-turer should pro-duce 4
 []


LaTeX Warning: Reference `eq:elementary' on page 8 undefined on input line 1082
.


LaTeX Warning: Reference `eq:elementary_2' on page 8 undefined on input line 10
83.

[8]

LaTeX Warning: Reference `eq:plane_bisect' on page 9 undefined on input line 11
13.


LaTeX Warning: Reference `eq:plane_bisect_bc' on page 9 undefined on input line
 1130.


LaTeX Warning: Reference `eq:plane_bisect_cross' on page 9 undefined on input l
ine 1131.


LaTeX Warning: Reference `eq:plane_bisect_given' on page 9 undefined on input l
ine 1150.


LaTeX Warning: Reference `eq:matrix_hp_begin' on page 9 undefined on input line
 1207.


LaTeX Warning: Reference `eq:matrix_hp_end' on page 9 undefined on input line 1
209.


LaTeX Warning: Reference `eq:matrix_hp_end' on page 9 undefined on input line 1
211.


LaTeX Warning: Reference `eq:plane_3pt' on page 9 undefined on input line 1232.



Overfull \hbox (31.52667pt too wide) detected at line 1247
[]
 []

[9]

LaTeX Warning: Reference `eq:image_pt_plane' on page 10 undefined on input line
 1256.


Underfull \vbox (badness 1533) has occurred while \output is active []

 [10]

LaTeX Warning: Reference `eq:jee_tangent_parab1' on page 11 undefined on input 
line 1311.


LaTeX Warning: Reference `eq:jee_tangent_parab2' on page 11 undefined on input 
line 1312.


LaTeX Warning: Reference `eq:conic_tangent_q_eigen' on page 11 undefined on inp
ut line 1327.


LaTeX Warning: Reference `eq:conic_tangent_qk_eigen' on page 11 undefined on in
put line 1329.


LaTeX Warning: Reference `eq:jee_tangent_parab1' on page 11 undefined on input 
line 1346.


LaTeX Warning: Reference `eq:conic_tangent_qk_eigen' on page 11 undefined on in
put line 1347.


LaTeX Warning: Reference `eq:conic_tangent_q_eigen' on page 11 undefined on inp
ut line 1356.


LaTeX Warning: Reference `eq:conic_tangent_q_eigen' on page 11 undefined on inp
ut line 1410.

[11]

LaTeX Warning: Reference `eq:jee_tangent' on page 12 undefined on input line 14
56.


Underfull \vbox (badness 1418) has occurred while \output is active []

 [12]
[13]

LaTeX Warning: Reference `eq:jntu_eig_vec' on page 14 undefined on input line 1
814.


Underfull \hbox (badness 2150) in paragraph at lines 1811--1815
\OT1/ptm/m/n/12 are the eigen-vec-tors cor-re-spond-ing to the
 []

[14]

Package hyperref Warning: Token not allowed in a PDF string (Unicode):
(hyperref)                removing `math shift' on input line 1871.


Package hyperref Warning: Token not allowed in a PDF string (Unicode):
(hyperref)                removing `\times' on input line 1871.


Package hyperref Warning: Token not allowed in a PDF string (Unicode):
(hyperref)                removing `math shift' on input line 1871.


LaTeX Warning: Reference `eq:det2d' on page 15 undefined on input line 1898.

[15]

Package hyperref Warning: Token not allowed in a PDF string (Unicode):
(hyperref)                removing `math shift' on input line 2004.


Package hyperref Warning: Token not allowed in a PDF string (Unicode):
(hyperref)                removing `\times' on input line 2004.


Package hyperref Warning: Token not allowed in a PDF string (Unicode):
(hyperref)                removing `math shift' on input line 2004.

[16]

LaTeX Warning: Reference `eq:normal_line' on page 17 undefined on input line 21
49.


LaTeX Warning: Reference `eq:dir_line' on page 17 undefined on input line 2156.



LaTeX Warning: Reference `eq:normal_line' on page 17 undefined on input line 21
57.


LaTeX Warning: Reference `eq:dir_line_normal_dist' on page 17 undefined on inpu
t line 2167.


LaTeX Warning: Reference `eq:dir_line_normal_dist_pa' on page 17 undefined on i
nput line 2174.


LaTeX Warning: Reference `eq:dir_line_normal_dist_pa_d' on page 17 undefined on
 input line 2182.


LaTeX Warning: Reference `eq:normal_line' on page 17 undefined on input line 21
87.


LaTeX Warning: Reference `eq:line_dist_2d' on page 17 undefined on input line 2
188.


LaTeX Warning: Reference `eq:normal_line' on page 17 undefined on input line 21
91.


LaTeX Warning: Reference `eq:normal_line' on page 17 undefined on input line 22
12.


LaTeX Warning: Reference `eq:normal_line' on page 17 undefined on input line 22
18.


LaTeX Warning: Reference `eq:normal_line' on page 17 undefined on input line 22
26.


LaTeX Warning: Reference `eq:normal_line_pt' on page 17 undefined on input line
 2227.


LaTeX Warning: Reference `eq:normal_line_foot' on page 17 undefined on input li
ne 2235.


LaTeX Warning: Reference `eq:dir_line' on page 17 undefined on input line 2261.



LaTeX Warning: Reference `eq:normal_line' on page 17 undefined on input line 22
63.

[17]

LaTeX Warning: Reference `eq:normal_line' on page 18 undefined on input line 22
65.


LaTeX Warning: Reference `eq:dist_line_2d_orig' on page 18 undefined on input l
ine 2267.


LaTeX Warning: Reference `eq:dir_line' on page 18 undefined on input line 2269.



LaTeX Warning: Reference `dist_3d_def_quad_abc' on page 18 undefined on input l
ine 2316.


LaTeX Warning: Reference `dist_3d_def_final' on page 18 undefined on input line
 2333.


LaTeX Warning: Reference `dist_3d_def_quad_abc' on page 18 undefined on input l
ine 2334.


LaTeX Warning: Reference `eq:parallel_lines' on page 18 undefined on input line
 2338.


LaTeX Warning: Reference `eq:dist_lines_2d' on page 18 undefined on input line 
2340.


LaTeX Warning: Reference `eq:line_contain' on page 18 undefined on input line 2
358.


LaTeX Warning: Reference `eq:plain_contain' on page 18 undefined on input line 
2360.


LaTeX Warning: Reference `eq:line_plain_contain' on page 18 undefined on input 
line 2365.


LaTeX Warning: Reference `eq:dir_line_plane_isect' on page 18 undefined on inpu
t line 2377.


LaTeX Warning: Reference `eq:foot_perp_pt_plane' on page 18 undefined on input 
line 2394.

[18]

LaTeX Warning: Reference `eq:plane_3d_2pt_perp_system' on page 19 undefined on 
input line 2424.


LaTeX Warning: Reference `eq:plane_3d_2pt_perp_norm' on page 19 undefined on in
put line 2431.


LaTeX Warning: Reference `eq:dir_line' on page 19 undefined on input line 2434.



LaTeX Warning: Reference `eq:normal_line' on page 19 undefined on input line 24
36.


LaTeX Warning: Reference `eq:dir_line' on page 19 undefined on input line 2444.



LaTeX Warning: Reference `eq:normal_line' on page 19 undefined on input line 24
46.


LaTeX Warning: Reference `eq:dir_line_plane_inter' on page 19 undefined on inpu
t line 2463.


LaTeX Warning: Reference `eq:dir_line_plane_isect' on page 19 undefined on inpu
t line 2465.


LaTeX Warning: Reference `eq:dir_line' on page 19 undefined on input line 2467.



LaTeX Warning: Reference `eq:dir_line_foot' on page 19 undefined on input line 
2487.


LaTeX Warning: Reference `eq:plane_line_foot' on page 19 undefined on input lin
e 2488.


LaTeX Warning: Reference `eq:dir_line_plane_isect' on page 19 undefined on inpu
t line 2490.


LaTeX Warning: Reference `eq:plane_line_foot_ans' on page 19 undefined on input
 line 2492.


LaTeX Warning: Reference `eq:plane_foot_perp' on page 19 undefined on input lin
e 2503.


LaTeX Warning: Reference `eq:plane_3pt' on page 19 undefined on input line 2522
.

[19]

LaTeX Warning: Reference `conics/30/def' on page 20 undefined on input line 258
0.


LaTeX Warning: Reference `eq:line_dist_2d' on page 20 undefined on input line 2
580.


Overfull \hbox (0.54396pt too wide) detected at line 2584
[]
 []


LaTeX Warning: Reference `eq:conic_quad_form' on page 20 undefined on input lin
e 2597.


LaTeX Warning: Reference `eq:conic_quad_form' on page 20 undefined on input lin
e 2598.


LaTeX Warning: Reference `eq:conic_quad_form' on page 20 undefined on input lin
e 2605.


LaTeX Warning: Reference `eq:conic_quad_form' on page 20 undefined on input lin
e 2623.


LaTeX Warning: Reference `eq:conic_quad_form' on page 20 undefined on input lin
e 2656.


LaTeX Warning: Reference `eq:conic_simp_one' on page 20 undefined on input line
 2673.


LaTeX Warning: Reference `eq:conic_parmas_eig_def' on page 20 undefined on inpu
t line 2673.


LaTeX Warning: Reference `eq:conic_parmas_c_def' on page 20 undefined on input 
line 2689.


LaTeX Warning: Reference `eq:conic_simp' on page 20 undefined on input line 269
0.


LaTeX Warning: Reference `eq:conic_simp_temp_nonparab' on page 20 undefined on 
input line 2691.


LaTeX Warning: Reference `eq:conic_parmas_eig_def' on page 20 undefined on inpu
t line 2699.

[20]

LaTeX Warning: Reference `eq:eig_matrix' on page 21 undefined on input line 270
5.


LaTeX Warning: Reference `eq:conic_simp' on page 21 undefined on input line 270
6.


LaTeX Warning: Reference `eq:conic_parab_eig_prop' on page 21 undefined on inpu
t line 2729.


LaTeX Warning: Reference `eq:conic_parab_eig_prop' on page 21 undefined on inpu
t line 2729.


LaTeX Warning: Reference `eq:conic_parab_foc_len_temp' on page 21 undefined on 
input line 2731.


LaTeX Warning: Reference `eq:conic_simp_temp_parab' on page 21 undefined on inp
ut line 2732.


LaTeX Warning: Reference `eq:conic_simp' on page 21 undefined on input line 275
0.


LaTeX Warning: Reference `eq:conic_parab_one' on page 21 undefined on input lin
e 2759.


LaTeX Warning: Reference `eq:conic_parab_two' on page 21 undefined on input lin
e 2764.


LaTeX Warning: Reference `eq:conic_parab_one_eig' on page 21 undefined on input
 line 2770.


LaTeX Warning: Reference `eq:conic_parab_two_eig' on page 21 undefined on input
 line 2770.


LaTeX Warning: Reference `eq:conic_parab_c' on page 21 undefined on input line 
2770.


LaTeX Warning: Reference `eq:conic_affine' on page 21 undefined on input line 2
783.


LaTeX Warning: Reference `eq:conic_affine_inv' on page 21 undefined on input li
ne 2788.


LaTeX Warning: Reference `eq:conic_simp_temp_parab' on page 21 undefined on inp
ut line 2793.


LaTeX Warning: Reference `eq:eta' on page 21 undefined on input line 2799.


LaTeX Warning: Reference `eq:conic_quad_form' on page 21 undefined on input lin
e 2803.


Overfull \hbox (15.7821pt too wide) detected at line 2816
[]
 []


LaTeX Warning: Reference `eq:conic_simp_temp_nonparab' on page 21 undefined on 
input line 2818.


LaTeX Warning: Reference `eq:ellipse_axes' on page 21 undefined on input line 2
819.


LaTeX Warning: Reference `eq:hyper_axes' on page 21 undefined on input line 281
9.


LaTeX Warning: Reference `eq:conic_quad_form' on page 21 undefined on input lin
e 2828.


LaTeX Warning: Reference `eq:conic_quad_form_e' on page 21 undefined on input l
ine 2829.


LaTeX Warning: Reference `eq:conic_quad_form_F' on page 21 undefined on input l
ine 2830.


LaTeX Warning: Reference `eq:conic_quad_form_v' on page 21 undefined on input l
ine 2853.

[21]

LaTeX Warning: Reference `eq:conic_quad_form_e_cayley' on page 22 undefined on 
input line 2877.


LaTeX Warning: Reference `eq:conic_quad_form_lam_cayley' on page 22 undefined o
n input line 2893.


LaTeX Warning: Reference `eq:conic_quad_form' on page 22 undefined on input lin
e 2893.


LaTeX Warning: Reference `eq:conic_quad_form_e' on page 22 undefined on input l
ine 2894.


LaTeX Warning: Reference `eq:conic_quad_form_v' on page 22 undefined on input l
ine 2902.


LaTeX Warning: Reference `eq:conic_quad_form_lam_cayley' on page 22 undefined o
n input line 2921.


LaTeX Warning: Reference `eq:eigevecP' on page 22 undefined on input line 2922.



LaTeX Warning: Reference `eq:conic_quad_form_lam_cayley' on page 22 undefined o
n input line 2922.


LaTeX Warning: Reference `eq:eigevecn' on page 22 undefined on input line 2922.



LaTeX Warning: Reference `eq:conic_quad_form_u' on page 22 undefined on input l
ine 2926.


LaTeX Warning: Reference `eq:conic_quad_form_lam_cayley' on page 22 undefined o
n input line 2926.


LaTeX Warning: Reference `eq:conic_quad_form_f' on page 22 undefined on input l
ine 2941.


LaTeX Warning: Reference `eq:conic_quad_form_u_temp' on page 22 undefined on in
put line 2946.


LaTeX Warning: Reference `eq:conic_quad_form_f_temp' on page 22 undefined on in
put line 2946.


LaTeX Warning: Reference `eq:conic_quad_form_F' on page 22 undefined on input l
ine 2956.


LaTeX Warning: Reference `eq:conic_quad_form' on page 22 undefined on input lin
e 2976.


LaTeX Warning: Reference `eq:conic_tangent' on page 22 undefined on input line 
3009.


LaTeX Warning: Reference `eq:conic_quad_form' on page 22 undefined on input lin
e 3010.


LaTeX Warning: Reference `eq:conic_intercept' on page 22 undefined on input lin
e 3021.


LaTeX Warning: Reference `eq:tangent_roots' on page 22 undefined on input line 
3022.

[22]

LaTeX Warning: Reference `eq:conic_affine' on page 23 undefined on input line 3
038.


Overfull \hbox (3.88875pt too wide) detected at line 3051
[]
 []


LaTeX Warning: Reference `eq:conic_tangent_pts' on page 23 undefined on input l
ine 3060.


LaTeX Warning: Reference `eq:tangent_roots' on page 23 undefined on input line 
3062.


Overfull \hbox (8.8159pt too wide) detected at line 3087
 []$[]  [] []$ [][][]  
 []


LaTeX Warning: Reference `eq:conic_affine_norm_preserve' on page 23 undefined o
n input line 3091.


LaTeX Warning: Reference `eq:conic_simp_temp_nonparab' on page 23 undefined on 
input line 3092.


LaTeX Warning: Reference `eq:tangent_roots_latus' on page 23 undefined on input
 line 3101.


LaTeX Warning: Reference `eq:latus_rectum_ellipse_param' on page 23 undefined o
n input line 3102.


LaTeX Warning: Reference `eq:conic_quad_form_nc' on page 23 undefined on input 
line 3103.


LaTeX Warning: Reference `eq:conic_quad_form_nc_latus' on page 23 undefined on 
input line 3120.


LaTeX Warning: Reference `eq:tangent_roots_latus' on page 23 undefined on input
 line 3125.


LaTeX Warning: Reference `eq:conic_quad_form_e_latus' on page 23 undefined on i
nput line 3126.


LaTeX Warning: Reference `eq:conic_quad_form_F_latus' on page 23 undefined on i
nput line 3127.


LaTeX Warning: Reference `eq:tangent_roots_latus' on page 23 undefined on input
 line 3131.


LaTeX Warning: Reference `eq:conic_quad_form_std_ellipse' on page 23 undefined 
on input line 3162.


LaTeX Warning: Reference `eq:conic_quad_form_F' on page 23 undefined on input l
ine 3163.


LaTeX Warning: Reference `eq:conic_quad_form_std_ellipse_foci_dir' on page 23 u
ndefined on input line 3175.

[23]

LaTeX Warning: Reference `eq:conic_quad_form_std_ellipse_foci_dir_ratio' on pag
e 24 undefined on input line 3191.


LaTeX Warning: Reference `eq:conic_quad_form_nc' on page 24 undefined on input 
line 3192.


LaTeX Warning: Reference `eq:conic_quad_form_nc' on page 24 undefined on input 
line 3199.


LaTeX Warning: Reference `eq:conic_quad_form_F' on page 24 undefined on input l
ine 3200.


LaTeX Warning: Reference `eq:conic_quad_form_e' on page 24 undefined on input l
ine 3202.


LaTeX Warning: Reference `eq:tangent_roots_latus' on page 24 undefined on input
 line 3224.


LaTeX Warning: Reference `eq:tangent_roots_latus_quad' on page 24 undefined on 
input line 3245.


LaTeX Warning: Reference `eq:conic_tangent' on page 24 undefined on input line 
3261.


LaTeX Warning: Reference `eq:conic_quad_form' on page 24 undefined on input lin
e 3261.


LaTeX Warning: Reference `eq:conic_intercept' on page 24 undefined on input lin
e 3268.


LaTeX Warning: Reference `eq:tangent_roots' on page 24 undefined on input line 
3269.


LaTeX Warning: Reference `eq:conic_quad_form' on page 24 undefined on input lin
e 3281.


LaTeX Warning: Reference `eq:conic_tangent_qquad' on page 24 undefined on input
 line 3287.


LaTeX Warning: Reference `eq:conic_tangent_disc' on page 24 undefined on input 
line 3287.


LaTeX Warning: Reference `eq:conic_tangent_mq' on page 24 undefined on input li
ne 3287.


LaTeX Warning: Reference `eq:conic_quad_form' on page 24 undefined on input lin
e 3288.


LaTeX Warning: Reference `eq:conic_tangent_mq' on page 24 undefined on input li
ne 3293.


LaTeX Warning: Reference `eq:normal_line' on page 24 undefined on input line 32
94.


LaTeX Warning: Reference `eq:conic_normal_vec' on page 24 undefined on input li
ne 3301.


LaTeX Warning: Reference `eq:normal_line_pt' on page 24 undefined on input line
 3301.


LaTeX Warning: Reference `eq:conic_tangent_qquad' on page 24 undefined on input
 line 3306.


LaTeX Warning: Reference `eq:conic_tangent' on page 24 undefined on input line 
3306.


LaTeX Warning: Reference `eq:conic_quad_form' on page 24 undefined on input lin
e 3307.


LaTeX Warning: Reference `eq:conic_normal_vec' on page 24 undefined on input li
ne 3323.


LaTeX Warning: Reference `eq:conic_normal_vec_q' on page 24 undefined on input 
line 3328.


LaTeX Warning: Reference `eq:conic_tangent_qquad' on page 24 undefined on input
 line 3329.


LaTeX Warning: Reference `eq:conic_normal_k' on page 24 undefined on input line
 3343.


LaTeX Warning: Reference `eq:conic_normal_vec_q' on page 24 undefined on input 
line 3343.


LaTeX Warning: Reference `eq:conic_tangent_qk' on page 24 undefined on input li
ne 3344.


LaTeX Warning: Reference `eq:conic_quad_form' on page 24 undefined on input lin
e 3345.

[24]

LaTeX Warning: Reference `eq:conic_normal_vec' on page 25 undefined on input li
ne 3367.


LaTeX Warning: Reference `eq:conic_zero_eigen' on page 25 undefined on input li
ne 3379.


LaTeX Warning: Reference `eq:conic_zero_eigen' on page 25 undefined on input li
ne 3379.


LaTeX Warning: Reference `eq:conic_tangent_qk_eigen' on page 25 undefined on in
put line 3380.


LaTeX Warning: Reference `eq:conic_zero_eigen_normal' on page 25 undefined on i
nput line 3380.


LaTeX Warning: Reference `eq:conic_tangent_qquad' on page 25 undefined on input
 line 3388.


LaTeX Warning: Reference `eq:conic_tangent_qquad' on page 25 undefined on input
 line 3388.


LaTeX Warning: Reference `eq:conic_zero_eigen_normal' on page 25 undefined on i
nput line 3389.


LaTeX Warning: Reference `eq:conic_zero_eigen_normal_fq' on page 25 undefined o
n input line 3394.


LaTeX Warning: Reference `eq:conic_zero_eigen_normal_vq' on page 25 undefined o
n input line 3394.


LaTeX Warning: Reference `eq:conic_tangent_q_eigen' on page 25 undefined on inp
ut line 3394.


LaTeX Warning: Reference `eq:conic_quad_form' on page 25 undefined on input lin
e 3395.


LaTeX Warning: Reference `eq:asymp_quad_form' on page 25 undefined on input lin
e 3408.


LaTeX Warning: Reference `eq:asymp_quad_form' on page 25 undefined on input lin
e 3414.


LaTeX Warning: Reference `eq:asymp_quad_form' on page 25 undefined on input lin
e 3419.


LaTeX Warning: Reference `eq:quad_form_hyper' on page 25 undefined on input lin
e 3422.


LaTeX Warning: Reference `eq:quad_form_pair' on page 25 undefined on input line
 3426.


LaTeX Warning: Reference `eq:conic_affine' on page 25 undefined on input line 3
426.


LaTeX Warning: Reference `eq:quad_form_pair' on page 25 undefined on input line
 3437.


LaTeX Warning: Reference `eq:quad_form_pair_ang_exp' on page 25 undefined on in
put line 3463.


LaTeX Warning: Reference `eq:quad_form_pair_ang' on page 25 undefined on input 
line 3463.


LaTeX Warning: Reference `eq:quad_form_pair' on page 25 undefined on input line
 3469.


LaTeX Warning: Reference `eq:conic_quad_form' on page 25 undefined on input lin
e 3469.


LaTeX Warning: Reference `eq:asymp_quad_form' on page 25 undefined on input lin
e 3469.

[25] (./gvv_ncert_vectors_defs.aux)

LaTeX Warning: There were undefined references.


LaTeX Warning: Label(s) may have changed. Rerun to get cross-references right.

Package rerunfilecheck Info: File `gvv_ncert_vectors_defs.out' has not changed.

(rerunfilecheck)             Checksum: B3077F14DD39E6EC9571F67EFFAE6219;2167.
 ) 
Here is how much of TeX's memory you used:
 24642 strings out of 478353
 445843 string characters out of 5854636
 753495 words of memory out of 5000000
 41582 multiletter control sequences out of 15000+600000
 452702 words of font info for 139 fonts, out of 8000000 for 9000
 1144 hyphenation exceptions out of 8191
 100i,26n,104p,514b,991s stack positions out of 5000i,500n,10000p,200000b,80000s
{/usr/share/texmf-dist/fonts/enc/dvips/base/8r.enc}</usr/share/texmf-dist/fon
ts/type1/public/amsfonts/cm/cmbx12.pfb></usr/share/texmf-dist/fonts/type1/publi
c/amsfonts/cm/cmbx6.pfb></usr/share/texmf-dist/fonts/type1/public/amsfonts/cm/c
mbx8.pfb></usr/share/texmf-dist/fonts/type1/public/amsfonts/cm/cmex10.pfb></usr
/share/texmf-dist/fonts/type1/public/amsfonts/cmextra/cmex7.pfb></usr/share/tex
mf-dist/fonts/type1/public/amsfonts/cmextra/cmex8.pfb></usr/share/texmf-dist/fo
nts/type1/public/amsfonts/cm/cmmi12.pfb></usr/share/texmf-dist/fonts/type1/publ
ic/amsfonts/cm/cmmi5.pfb></usr/share/texmf-dist/fonts/type1/public/amsfonts/cm/
cmmi6.pfb></usr/share/texmf-dist/fonts/type1/public/amsfonts/cm/cmmi8.pfb></usr
/share/texmf-dist/fonts/type1/public/amsfonts/cm/cmr12.pfb></usr/share/texmf-di
st/fonts/type1/public/amsfonts/cm/cmr5.pfb></usr/share/texmf-dist/fonts/type1/p
ublic/amsfonts/cm/cmr6.pfb></usr/share/texmf-dist/fonts/type1/public/amsfonts/c
m/cmr8.pfb></usr/share/texmf-dist/fonts/type1/public/amsfonts/cm/cmsy10.pfb></u
sr/share/texmf-dist/fonts/type1/public/amsfonts/cm/cmsy6.pfb></usr/share/texmf-
dist/fonts/type1/public/amsfonts/cm/cmsy8.pfb></usr/share/texmf-dist/fonts/type
1/public/amsfonts/symbols/msam10.pfb></usr/share/texmf-dist/fonts/type1/public/
amsfonts/symbols/msbm10.pfb></usr/share/texmf-dist/fonts/type1/urw/times/utmb8a
.pfb></usr/share/texmf-dist/fonts/type1/urw/times/utmbi8a.pfb></usr/share/texmf
-dist/fonts/type1/urw/times/utmr8a.pfb></usr/share/texmf-dist/fonts/type1/urw/t
imes/utmri8a.pfb>
Output written on gvv_ncert_vectors_defs.pdf (25 pages, 364649 bytes).
PDF statistics:
 1224 PDF objects out of 1440 (max. 8388607)
 1115 compressed objects within 12 object streams
 764 named destinations out of 1000 (max. 500000)
 162 words of extra memory for PDF output out of 10000 (max. 10000000)

